"C:/Users/ValeraPC/Desktop/myProject 4.0/Content/Test_Content/F15/Texture/F_15B.uasset" 0
"C:/Users/ValeraPC/Desktop/myProject 4.0/Content/Test_Content/F15/Texture/F_15_Specular.uasset" 1
"C:/Users/ValeraPC/Desktop/myProject 4.0/Content/Test_Content/F15/Texture/F-15Cmetal.uasset" 2
"C:/Users/ValeraPC/Desktop/myProject 4.0/Content/Test_Content/F15/Texture/F-15CAO.uasset" 3
"C:/Users/ValeraPC/Desktop/myProject 4.0/Content/Test_Content/F15/Texture/F-15C_normal.uasset" 4
"C:/Users/ValeraPC/Desktop/myProject 4.0/Content/Test_Content/F15/Materials/F_15C.uasset" 5
"C:/Users/ValeraPC/Desktop/myProject 4.0/Content/Test_Content/F15/Mesh/SM_rudderR.uasset" 6
"C:/Users/ValeraPC/Desktop/myProject 4.0/Content/Test_Content/F15/Mesh/SM_rudderL.uasset" 7
"C:/Users/ValeraPC/Desktop/myProject 4.0/Content/Test_Content/F15/Materials/Glass.uasset" 8
"C:/Users/ValeraPC/Desktop/myProject 4.0/Content/Test_Content/F15/Mesh/SM_glass.uasset" 9
"C:/Users/ValeraPC/Desktop/myProject 4.0/Content/Test_Content/F15/Mesh/SM_fuselage.uasset" 10
"C:/Users/ValeraPC/Desktop/myProject 4.0/Content/Test_Content/F15/Mesh/SM_flapsR.uasset" 11
"C:/Users/ValeraPC/Desktop/myProject 4.0/Content/Test_Content/F15/Mesh/SM_flapsL.uasset" 12
"C:/Users/ValeraPC/Desktop/myProject 4.0/Content/Test_Content/F15/Mesh/SM_elevatorR.uasset" 13
"C:/Users/ValeraPC/Desktop/myProject 4.0/Content/Test_Content/F15/Mesh/SM_elevatorL.uasset" 14
"C:/Users/ValeraPC/Desktop/myProject 4.0/Content/Test_Content/F15/Mesh/SM_aileronR.uasset" 15
"C:/Users/ValeraPC/Desktop/myProject 4.0/Content/Test_Content/F15/Mesh/SM_aileronL.uasset" 16
"../../Plugins/FX/Niagara/Content/Modules/Update/Color/Color.uasset" 17
"../../Plugins/FX/Niagara/Content/Enums/ENiagaraSystemInactiveMode.uasset" 18
"../../Plugins/FX/Niagara/Content/Enums/ENiagara_EmitterStateOptions.uasset" 19
"../../Plugins/FX/Niagara/Content/Functions/System/SystemChangeState.uasset" 20
"../../Plugins/FX/Niagara/Content/Modules/System/SystemState.uasset" 21
"../../Plugins/FX/Niagara/Content/DynamicInputs/ValueFromCurve/ColorFromCurve.uasset" 22
"../../Plugins/FX/Niagara/Content/Enums/ENiagaraRandomnessMode.uasset" 23
"../../Plugins/FX/Niagara/Content/Enums/ENiagaraInactiveMode.uasset" 24
"../../Plugins/FX/Niagara/Content/Enums/ENiagaraEmitterScalabilityMode_Limited.uasset" 25
"../../Plugins/FX/Niagara/Content/Enums/ENiagaraEmitterLifeCycleMode.uasset" 26
"../../Plugins/FX/Niagara/Content/Enums/ENiagaraChannelCorrelation.uasset" 27
"../../Plugins/FX/Niagara/Content/Enums/ENiagara_UVFlippingMode.uasset" 28
"../../Plugins/FX/Niagara/Content/Enums/ENiagara_SpriteRotationMode.uasset" 29
"../../Plugins/FX/Niagara/Content/Enums/ENiagara_SizeScaleMode.uasset" 30
"../../Plugins/FX/Niagara/Content/Enums/ENiagara_PositionInitializationMode.uasset" 31
"../../Plugins/FX/Niagara/Content/Enums/ENiagara_MassInitializationMode.uasset" 32
"../../Plugins/FX/Niagara/Content/Enums/ENiagara_LifetimeMode.uasset" 33
"../../Plugins/FX/Niagara/Content/Enums/ENiagara_InfiniteLoopDuration.uasset" 34
"../../Plugins/FX/Niagara/Content/Enums/ENiagara_ColorInitializationMode.uasset" 35
"../../Plugins/FX/Niagara/Content/Modules/Update/Size/ScaleSpriteSize.uasset" 36
"../../Plugins/FX/Niagara/Content/Modules/Update/Lifetime/ParticleState.uasset" 37
"../../Plugins/FX/Niagara/Content/Enums/ENiagaraCoordinateSpace.uasset" 38
"../../Plugins/FX/Niagara/Content/Functions/Localspace/TransformBase.uasset" 39
"../../Plugins/FX/Niagara/Content/Functions/Localspace/TransformVector.uasset" 40
"../../Plugins/FX/Niagara/Content/Functions/DirectionAndLengthSafe.uasset" 41
"../../Plugins/FX/Niagara/Content/Functions/Localspace/SimulationPosition.uasset" 42
"../../Plugins/FX/Niagara/Content/Modules/Update/Forces/V2/PointAttractionForce.uasset" 43
"../../Plugins/FX/Niagara/Content/Enums/ENiagaraRandomnessEvaluation.uasset" 44
"../../Plugins/FX/Niagara/Content/Functions/V2/CalculateRandomRangeInteger.uasset" 45
"../../Plugins/FX/Niagara/Content/Functions/V2/CalculateRandomBool.uasset" 46
"../../Plugins/FX/Niagara/Content/Functions/V2/CalculateRandomRange.uasset" 47
"../../Plugins/FX/Niagara/Content/Functions/V2/CalculateRandomRangeFloat.uasset" 48
"../../Plugins/FX/Niagara/Content/Functions/LinearColor/HueShiftLinearColor.uasset" 49
"../../Plugins/FX/Niagara/Content/Modules/Spawn/Initialization/V2/InitializeParticle.uasset" 50
"../../Plugins/FX/Niagara/Content/Modules/Solvers/SolveForcesAndVelocity.uasset" 51
"../../Plugins/FX/Niagara/Content/Functions/GetRandomInfo.uasset" 52
"../../Plugins/FX/Niagara/Content/Functions/RandomRangeFloat.uasset" 53
"../../Plugins/FX/Niagara/Content/Modules/Emitter/SpawnRate.uasset" 54
"../../Plugins/FX/Niagara/Content/Functions/Emitter/EmitterChangeState.uasset" 55
"../../Plugins/FX/Niagara/Content/Enums/ENiagaraExecutionStateManagement.uasset" 56
"../../Plugins/FX/Niagara/Content/Modules/Emitter/EmitterState.uasset" 57
"../../Plugins/FX/Niagara/Content/DynamicInputs/TypeConversions/Vector2DFromFloat.uasset" 58
"../../Plugins/FX/Niagara/Content/DynamicInputs/Multiply/Multiply_Float.uasset" 59
"../../Plugins/FX/Niagara/Content/DynamicInputs/Math/OneMinusFloat.uasset" 60
"../../Plugins/FX/Niagara/Content/DefaultAssets/DefaultSpriteMaterial.uasset" 61
"C:/Users/ValeraPC/Desktop/myProject 4.0/Content/Test_Content/F15/FX/ThrusterEmitter.uasset" 62
"C:/Users/ValeraPC/Desktop/myProject 4.0/Content/Test_Content/F15/FX/ThrusterEmitter_System.uasset" 63
"C:/Users/ValeraPC/Desktop/myProject 4.0/Content/Test_Content/F15/Blueprints/F15_BP.uasset" 64
"C:/Users/ValeraPC/Desktop/myProject 4.0/Content/Test_Content/F15/Blueprints/F15_Game_Mode.uasset" 65
"../../../Engine/Content/EngineMaterials/T_Default_Material_Grid_M.uasset" 66
"../../../Engine/Content/EngineMaterials/T_Default_Material_Grid_N.uasset" 67
"../../../Engine/Content/Functions/Engine_MaterialFunctions01/Opacity/CameraDepthFade.uasset" 68
"../../../Engine/Content/EngineMaterials/WorldGridMaterial.uasset" 69
"../../../Engine/Content/ArtTools/RenderToTexture/Meshes/S_1_Unit_Plane.uasset" 70
"../../../Engine/Content/EngineMaterials/DefaultMaterial.uasset" 71
"../../../Engine/Content/BasicShapes/Cone.uasset" 72
"../../../Engine/Content/BasicShapes/Cube.uasset" 73
"../../../Engine/Content/BasicShapes/Plane.uasset" 74
"../../../Engine/Content/EditorLandscapeResources/DataLayer.uasset" 75
"../../../Engine/Content/EditorLandscapeResources/DefaultAlphaTexture.uasset" 76
"../../../Engine/Content/EditorMaterials/MAT_Groups_Toggle.uasset" 77
"../../../Engine/Content/EditorMaterials/MAT_Groups_Visibility.uasset" 78
"../../../Engine/Content/EditorMaterials/PreviewShadowIndicator.uasset" 79
"../../../Engine/Content/EditorMaterials/PreviewShadowIndicatorMaterial.uasset" 80
"../../../Engine/Content/EditorMaterials/MatineeGroups/MAT_ColorTrack.uasset" 81
"../../../Engine/Content/EditorMaterials/MatineeGroups/MAT_Groups_Anim.uasset" 82
"../../../Engine/Content/EditorMaterials/MatineeGroups/MAT_Groups_AudioMaster.uasset" 83
"../../../Engine/Content/EditorMaterials/MatineeGroups/MAT_Groups_Director.uasset" 84
"../../../Engine/Content/EditorMaterials/MatineeGroups/MAT_Groups_Event.uasset" 85
"../../../Engine/Content/EditorMaterials/MatineeGroups/MAT_Groups_Fade.uasset" 86
"../../../Engine/Content/EditorMaterials/MatineeGroups/MAT_Groups_Float.uasset" 87
"../../../Engine/Content/EditorMaterials/MatineeGroups/MAT_Groups_Move.uasset" 88
"../../../Engine/Content/EditorMaterials/MatineeGroups/MAT_Groups_Slomo.uasset" 89
"../../../Engine/Content/EditorMaterials/MatineeGroups/MAT_Groups_Sound.uasset" 90
"../../../Engine/Content/EditorMaterials/MatineeGroups/MAT_Groups_Vector.uasset" 91
"../../../Engine/Content/EditorMaterials/ParticleSystems/PSysThumbnail_NoImage.uasset" 92
"../../../Engine/Content/EditorMaterials/ParticleSystems/PSysThumbnail_OOD.uasset" 93
"../../../Engine/Content/EditorMaterials/Camera/CineMat.uasset" 94
"../../../Engine/Content/EditorMaterials/Camera/MI_CineMat_Rig.uasset" 95
"../../../Engine/Content/EditorMeshes/Camera/SM_CraneRig_Arm.uasset" 96
"../../../Engine/Content/EditorMeshes/Camera/SM_CraneRig_Base.uasset" 97
"../../../Engine/Content/EditorMeshes/Camera/SM_CraneRig_Body.uasset" 98
"../../../Engine/Content/EditorMeshes/Camera/SM_CraneRig_Mount.uasset" 99
"../../../Engine/Content/EditorMeshes/Camera/SM_RailRig_Mount.uasset" 100
"../../../Engine/Content/EditorMeshes/Camera/SM_RailRig_Track.uasset" 101
"../../../Engine/Content/EditorResources/BSPVertex.uasset" 102
"../../../Engine/Content/EditorResources/EmptyActor.uasset" 103
"../../../Engine/Content/EditorResources/S_Actor.uasset" 104
"../../../Engine/Content/EditorResources/S_Note.uasset" 105
"../../../Engine/Content/EditorResources/S_Solver.uasset" 106
"../../../Engine/Content/EditorResources/S_Terrain.uasset" 107
"../../../Engine/Content/EditorResources/S_Trigger.uasset" 108
"../../../Engine/Content/EditorResources/SequenceRecorder/Countdown.uasset" 109
"../../../Engine/Content/EditorResources/SequenceRecorder/RecordingIndicator.uasset" 110
"../../../Engine/Content/EngineDamageTypes/DmgTypeBP_Environmental.uasset" 111
"../../../Engine/Content/EngineDebugMaterials/DebugEditorMaterial.uasset" 112
"../../../Engine/Content/EngineDebugMaterials/DebugMeshMaterial.uasset" 113
"../../../Engine/Content/EngineDebugMaterials/M_SimpleUnlitTranslucent.uasset" 114
"../../../Engine/Content/EngineDebugMaterials/VolumeToRender.uasset" 115
"../../../Engine/Content/Functions/Engine_MaterialFunctions02/Utility/CameraDirectionVector.uasset" 116
"../../../Engine/Content/EngineDebugMaterials/M_VolumeRenderSphereTracePP.uasset" 117
"../../../Engine/Content/Functions/Engine_MaterialFunctions01/Shading/ConvertFromDiffSpec.uasset" 118
"../../../Engine/Content/EngineDebugMaterials/VertexColorMaterial.uasset" 119
"../../../Engine/Content/EngineDebugMaterials/WireframeMaterial.uasset" 120
"../../../Engine/Content/EngineFonts/Faces/RobotoRegular.uasset" 121
"../../../Engine/Content/EngineFonts/Faces/RobotoLight.uasset" 122
"../../../Engine/Content/EngineFonts/Faces/RobotoItalic.uasset" 123
"../../../Engine/Content/EngineFonts/Faces/RobotoBoldItalic.uasset" 124
"../../../Engine/Content/EngineFonts/Faces/RobotoBold.uasset" 125
"../../../Engine/Content/EngineFonts/Faces/DroidSansFallback.uasset" 126
"../../../Engine/Content/EngineFonts/Roboto.uasset" 127
"../../../Engine/Content/EngineMaterials/BaseFlattenNormalMap.uasset" 128
"../../../Engine/Content/EngineMaterials/BaseFlattenGrayscaleMap.uasset" 129
"../../../Engine/Content/EngineMaterials/BaseFlattenEmissiveMap.uasset" 130
"../../../Engine/Content/EngineMaterials/BaseFlattenDiffuseMap.uasset" 131
"../../../Engine/Content/EngineMaterials/BaseFlattenMaterial.uasset" 132
"../../../Engine/Content/EngineMaterials/BlueNoise.uasset" 133
"../../../Engine/Content/EngineMaterials/DefaultBloomKernel.uasset" 134
"../../../Engine/Content/EngineMaterials/DefaultBokeh.uasset" 135
"../../../Engine/Content/EngineMaterials/DefaultDiffuse.uasset" 136
"../../../Engine/Content/EngineMaterials/DefaultDeferredDecalMaterial.uasset" 137
"../../../Engine/Content/EngineMaterials/DefaultLightFunctionMaterial.uasset" 138
"../../../Engine/Content/Functions/Engine_MaterialFunctions02/Utility/BreakOutFloat2Components.uasset" 139
"../../../Engine/Content/EngineMaterials/DefaultPostProcessMaterial.uasset" 140
"../../../Engine/Content/EngineFonts/RobotoDistanceField.uasset" 141
"../../../Engine/Content/EngineMaterials/DefaultTextMaterialOpaque.uasset" 142
"../../../Engine/Content/EngineMaterials/DefaultWhiteGrid.uasset" 143
"../../../Engine/Content/EngineMaterials/DefaultWhiteGrid_Low.uasset" 144
"../../../Engine/Content/EngineMaterials/EmissiveMeshMaterial.uasset" 145
"../../../Engine/Content/EngineMaterials/GizmoMaterial.uasset" 146
"../../../Engine/Content/EngineMaterials/Good64x64TilingNoiseHighFreq.uasset" 147
"../../../Engine/Content/EngineMaterials/MiniFont.uasset" 148
"../../../Engine/Content/EngineMaterials/InvalidLightmapSettings.uasset" 149
"../../../Engine/Content/EngineMaterials/M_InvalidLightmapSettings.uasset" 150
"../../../Engine/Content/Functions/Engine_MaterialFunctions02/WorldPositionOffset/CameraOffset.uasset" 151
"../../../Engine/Content/EngineMaterials/PhAT_JointLimitMaterial.uasset" 152
"../../../Engine/Content/EngineMaterials/PreintegratedSkinBRDF.uasset" 153
"../../../Engine/Content/EngineMaterials/RemoveSurfaceMaterial.uasset" 154
"../../../Engine/Content/EngineMaterials/WeightMapPlaceholderTexture.uasset" 155
"../../../Engine/Content/EngineResources/WhiteSquareTexture.uasset" 156
"../../../Engine/Content/EngineMaterials/Widget3DPassThrough.uasset" 157
"../../../Engine/Content/EngineMaterials/Widget3DPassThrough_Masked.uasset" 158
"../../../Engine/Content/EngineMaterials/Widget3DPassThrough_Opaque.uasset" 159
"../../../Engine/Content/EngineMaterials/Widget3DPassThrough_Masked_OneSided.uasset" 160
"../../../Engine/Content/EngineMaterials/Widget3DPassThrough_Opaque_OneSided.uasset" 161
"../../../Engine/Content/EngineMaterials/Widget3DPassThrough_Translucent.uasset" 162
"../../../Engine/Content/EngineMaterials/Widget3DPassThrough_Translucent_OneSided.uasset" 163
"../../../Engine/Content/EngineMeshes/Cylinder.uasset" 164
"../../../Engine/Content/EngineMeshes/Sphere.uasset" 165
"../../../Engine/Content/EngineResources/Black.uasset" 166
"../../../Engine/Content/EngineResources/DefaultTextureCube.uasset" 167
"../../../Engine/Content/EngineResources/DefaultVolumeTexture2D.uasset" 168
"../../../Engine/Content/EngineResources/DefaultVolumeTexture.uasset" 169
"../../../Engine/Content/EngineResources/GradientTexture0.uasset" 170
"../../../Engine/Content/EngineSky/VolumetricClouds/T_NoiseShape64.uasset" 171
"../../../Engine/Content/EngineSky/VolumetricClouds/T_VolumeNoiseShape64.uasset" 172
"../../../Engine/Content/EngineSky/VolumetricClouds/T_NoiseErosion.uasset" 173
"../../../Engine/Content/EngineSky/VolumetricClouds/T_VolumeNoiseErosion32.uasset" 174
"../../../Engine/Content/EngineSky/VolumetricClouds/CloudWeatherTexture.uasset" 175
"../../../Engine/Content/EngineSky/VolumetricClouds/CloudGradientTexture.uasset" 176
"../../../Engine/Content/Functions/Engine_MaterialFunctions02/Utility/MakeFloat2.uasset" 177
"../../../Engine/Content/EngineSky/VolumetricClouds/m_SimpleVolumetricCloud.uasset" 178
"../../../Engine/Content/EngineSky/VolumetricClouds/m_SimpleVolumetricCloud_Inst.uasset" 179
"../../../Engine/Content/EngineSounds/Master.uasset" 180
"../../../Engine/Content/Functions/Engine_MaterialFunctions01/Shading/PowerToRoughness.uasset" 181
"../../../Engine/Content/Maps/Templates/Thumbnails/Default.uasset" 182
"../../../Engine/Content/Maps/Templates/Thumbnails/TimeOfDay.uasset" 183
"../../../Engine/Content/Maps/Templates/Thumbnails/VR-Basic.uasset" 184
"../../../Engine/Content/MobileResources/T_MobileControls_texture.uasset" 185
"../../../Engine/Content/MobileResources/T_MobileMenu2.uasset" 186
"../../../Engine/Content/MobileResources/HUD/AnalogHat.uasset" 187
"../../../Engine/Content/MobileResources/HUD/VirtualJoystick_Thumb.uasset" 188
"../../../Engine/Content/MobileResources/HUD/VirtualJoystick_Background.uasset" 189
"../../../Engine/Content/MobileResources/HUD/DefaultVirtualJoysticks.uasset" 190
"../../../Engine/Content/MobileResources/HUD/LeftVirtualJoystickOnly.uasset" 191
"../../../Engine/Content/MobileResources/HUD/MobileHUDButton1_off.uasset" 192
"../../../Engine/Content/MobileResources/HUD/MobileHUDButton1_on.uasset" 193
"../../../Engine/Content/MobileResources/HUD/MobileHUDButton2_off.uasset" 194
"../../../Engine/Content/MobileResources/HUD/MobileHUDButton2_on.uasset" 195
"../../../Engine/Content/MobileResources/HUD/MobileHUDButton3.uasset" 196
"../../../Engine/Content/MobileResources/HUD/MobileHUDButtonFire.uasset" 197
"../../../Engine/Content/MobileResources/HUD/MobileHUDDirectionPad.uasset" 198
"../../../Engine/Content/MobileResources/HUD/MobileHUDDirectionPad2.uasset" 199
"../../../Engine/Content/MobileResources/HUD/MobileHUDDirectionPad3.uasset" 200
"../../../Engine/Content/MobileResources/HUD/MobileHUDDirectionStick.uasset" 201
"../../../Engine/Content/MobileResources/HUD/T_Castle_ThumbstickInner.uasset" 202
"../../../Engine/Content/MobileResources/HUD/T_Castle_ThumbstickOutter.uasset" 203
"../../../Engine/Content/Tutorial/ContentIntroCurve.uasset" 204
"../../../Engine/Content/Tutorial/Basics/LevelEditorAttract.uasset" 205
"../../../Engine/Content/VREditor/TransformGizmo/TranslucentTransformGizmoMaterial.uasset" 206
"../../../Engine/Content/VREditor/LaserPointer/VR_LaserPower_01.uasset" 207
"../../../Engine/Content/VREditor/TransformGizmo/TransformGizmoMaterial.uasset" 208
"../../../Engine/Content/VREditor/TransformGizmo/BoundingBoxCorner.uasset" 209
"../../../Engine/Content/VREditor/TransformGizmo/BoundingBoxEdge.uasset" 210
"../../../Engine/Content/VREditor/TransformGizmo/PlaneTranslationHandle.uasset" 211
"../../../Engine/Content/VREditor/TransformGizmo/Xray.uasset" 212
"../../../Engine/Content/VREditor/TransformGizmo/Main.uasset" 213
"../../../Engine/Content/VREditor/TransformGizmo/SM_Sequencer_Key.uasset" 214
"../../../Engine/Content/VREditor/TransformGizmo/SM_Sequencer_Node.uasset" 215
"../../Plugins/2D/Paper2D/Content/PlaceholderTextures/DummySpriteTexture.uasset" 216
"../../Plugins/2D/Paper2D/Content/DummySprite.uasset" 217
"../../Plugins/2D/Paper2D/Content/DefaultPaperTerrainMaterial.uasset" 218
"../../Plugins/2D/Paper2D/Content/DefaultSpriteMaterial.uasset" 219
"../../Plugins/2D/Paper2D/Content/MaskedUnlitSpriteMaterial.uasset" 220
"../../Plugins/2D/Paper2D/Content/OpaqueUnlitSpriteMaterial.uasset" 221
"../../Plugins/Experimental/ControlRig/Content/M_Manip.uasset" 222
"../../Plugins/Experimental/ControlRig/Content/Controls/ControlRigGizmoMaterial.uasset" 223
"../../Plugins/Experimental/ControlRig/Content/Controls/ControlRig_Arrow2_1mm.uasset" 224
"../../Plugins/Experimental/ControlRig/Content/Controls/ControlRig_Arrow2_3mm.uasset" 225
"../../Plugins/Experimental/ControlRig/Content/Controls/ControlRig_Arrow2_solid.uasset" 226
"../../Plugins/Experimental/ControlRig/Content/Controls/ControlRig_Arrow4_1mm.uasset" 227
"../../Plugins/Experimental/ControlRig/Content/Controls/ControlRig_Arrow4_3mm.uasset" 228
"../../Plugins/Experimental/ControlRig/Content/Controls/ControlRig_Arrow4_solid.uasset" 229
"../../Plugins/Experimental/ControlRig/Content/Controls/ControlRig_Arrow_1mm.uasset" 230
"../../Plugins/Experimental/ControlRig/Content/Controls/ControlRig_Arrow_3mm.uasset" 231
"../../Plugins/Experimental/ControlRig/Content/Controls/ControlRig_Arrow_solid.uasset" 232
"../../Plugins/Experimental/ControlRig/Content/Controls/ControlRig_Box_1mm.uasset" 233
"../../Plugins/Experimental/ControlRig/Content/Controls/ControlRig_Box_3mm.uasset" 234
"../../Plugins/Experimental/ControlRig/Content/Controls/ControlRig_Box_solid.uasset" 235
"../../Plugins/Experimental/ControlRig/Content/Controls/ControlRig_Circle_1mm.uasset" 236
"../../Plugins/Experimental/ControlRig/Content/Controls/ControlRig_Circle_3mm.uasset" 237
"../../Plugins/Experimental/ControlRig/Content/Controls/ControlRig_Circle_solid.uasset" 238
"../../Plugins/Experimental/ControlRig/Content/Controls/ControlRig_Diamond_1mm.uasset" 239
"../../Plugins/Experimental/ControlRig/Content/Controls/ControlRig_Diamond_3mm.uasset" 240
"../../Plugins/Experimental/ControlRig/Content/Controls/ControlRig_Diamond_solid.uasset" 241
"../../Plugins/Experimental/ControlRig/Content/Controls/ControlRig_HalfCircle_1mm.uasset" 242
"../../Plugins/Experimental/ControlRig/Content/Controls/ControlRig_HalfCircle_3mm.uasset" 243
"../../Plugins/Experimental/ControlRig/Content/Controls/ControlRig_HalfCircle_solid.uasset" 244
"../../Plugins/Experimental/ControlRig/Content/Controls/ControlRig_Hexagon_1mm.uasset" 245
"../../Plugins/Experimental/ControlRig/Content/Controls/ControlRig_Hexagon_3mm.uasset" 246
"../../Plugins/Experimental/ControlRig/Content/Controls/ControlRig_Hexagon_solid.uasset" 247
"../../Plugins/Experimental/ControlRig/Content/Controls/ControlRig_Octagon_1mm.uasset" 248
"../../Plugins/Experimental/ControlRig/Content/Controls/ControlRig_Octagon_3mm.uasset" 249
"../../Plugins/Experimental/ControlRig/Content/Controls/ControlRig_Octagon_solid.uasset" 250
"../../Plugins/Experimental/ControlRig/Content/Controls/ControlRig_Pyramid_1mm.uasset" 251
"../../Plugins/Experimental/ControlRig/Content/Controls/ControlRig_Pyramid_3mm.uasset" 252
"../../Plugins/Experimental/ControlRig/Content/Controls/ControlRig_Pyramid_solid.uasset" 253
"../../Plugins/Experimental/ControlRig/Content/Controls/ControlRig_QuarterCircle_1mm.uasset" 254
"../../Plugins/Experimental/ControlRig/Content/Controls/ControlRig_QuarterCircle_3mm.uasset" 255
"../../Plugins/Experimental/ControlRig/Content/Controls/ControlRig_QuarterCircle_solid.uasset" 256
"../../Plugins/Experimental/ControlRig/Content/Controls/ControlRig_RoundedSquare_1mm.uasset" 257
"../../Plugins/Experimental/ControlRig/Content/Controls/ControlRig_RoundedSquare_3mm.uasset" 258
"../../Plugins/Experimental/ControlRig/Content/Controls/ControlRig_RoundedSquare_solid.uasset" 259
"../../Plugins/Experimental/ControlRig/Content/Controls/ControlRig_RoundedTriangle_1mm.uasset" 260
"../../Plugins/Experimental/ControlRig/Content/Controls/ControlRig_RoundedTriangle_3mm.uasset" 261
"../../Plugins/Experimental/ControlRig/Content/Controls/ControlRig_RoundedTriangle_solid.uasset" 262
"../../Plugins/Experimental/ControlRig/Content/Controls/ControlRig_Sphere_1mm.uasset" 263
"../../Plugins/Experimental/ControlRig/Content/Controls/ControlRig_Sphere_3mm.uasset" 264
"../../Plugins/Experimental/ControlRig/Content/Controls/ControlRig_Sphere_solid.uasset" 265
"../../Plugins/Experimental/ControlRig/Content/Controls/ControlRig_Square_1mm.uasset" 266
"../../Plugins/Experimental/ControlRig/Content/Controls/ControlRig_Square_3mm.uasset" 267
"../../Plugins/Experimental/ControlRig/Content/Controls/ControlRig_Square_solid.uasset" 268
"../../Plugins/Experimental/ControlRig/Content/Controls/ControlRig_Star4_1mm.uasset" 269
"../../Plugins/Experimental/ControlRig/Content/Controls/ControlRig_Star4_3mm.uasset" 270
"../../Plugins/Experimental/ControlRig/Content/Controls/ControlRig_Star4_solid.uasset" 271
"../../Plugins/Experimental/ControlRig/Content/Controls/ControlRig_Triangle_1mm.uasset" 272
"../../Plugins/Experimental/ControlRig/Content/Controls/ControlRig_Triangle_3mm.uasset" 273
"../../Plugins/Experimental/ControlRig/Content/Controls/ControlRig_Triangle_solid.uasset" 274
"../../Plugins/Experimental/ControlRig/Content/Controls/ControlRig_Wedge_1mm.uasset" 275
"../../Plugins/Experimental/ControlRig/Content/Controls/ControlRig_Wedge_3mm.uasset" 276
"../../Plugins/Experimental/ControlRig/Content/Controls/ControlRig_Wedge_solid.uasset" 277
"../../Plugins/Experimental/ControlRig/Content/Controls/DefaultGizmoLibrary.uasset" 278
"../../../Engine/Content/Functions/Engine_MaterialFunctions02/ObjectLocalBounds.uasset" 279
"../../../Engine/Content/Functions/Engine_MaterialFunctions02/Utility/BreakOutFloat3Components.uasset" 280
"../../Plugins/Editor/SpeedTreeImporter/Content/SpeedTree9/UnpackInteger3.uasset" 281
"../../Plugins/Editor/SpeedTreeImporter/Content/SpeedTree9/UnpackDirection.uasset" 282
"../../Plugins/Editor/SpeedTreeImporter/Content/SpeedTree9/game_wind_noise.uasset" 283
"../../../Engine/Content/Functions/Engine_MaterialFunctions02/SafeNormalize.uasset" 284
"../../Plugins/Editor/SpeedTreeImporter/Content/SpeedTree9/SpeedTreeWindMotion.uasset" 285
"../../Plugins/Editor/SpeedTreeImporter/Content/SpeedTree9/SpeedTreeBranchMotion.uasset" 286
"../../../Engine/Content/Functions/Engine_MaterialFunctions02/UVs/BoundingBoxBased_0-1_UVW.uasset" 287
"../../Plugins/Editor/SpeedTreeImporter/Content/SpeedTree9/SpeedTreeWind.uasset" 288
"../../Plugins/Editor/SpeedTreeImporter/Content/SpeedTree9/SpeedTreeBillboard.uasset" 289
"../../../Engine/Content/EngineResources/DefaultTexture.uasset" 290
"../../Plugins/Editor/SpeedTreeImporter/Content/SpeedTree9/SpeedTreeBillboardMaster.uasset" 291
"../../Plugins/Editor/SpeedTreeImporter/Content/SpeedTree9/SpeedTreeCameraFacing.uasset" 292
"../../Plugins/Editor/SpeedTreeImporter/Content/SpeedTree9/SpeedTreeMaster.uasset" 293
"../../../Engine/Content/BasicShapes/Cylinder.uasset" 294
"../../../Engine/Content/ArtTools/RenderToTexture/Materials/Debug/M_Emissive_Color.uasset" 295
"../../Plugins/Lumin/MagicLeapPassableWorld/Content/MagicLeapARPinInfoActor.uasset" 296
"../../Plugins/Runtime/HairStrands/Content/Materials/HairCardsDefaultMaterial.uasset" 297
"../../../Engine/Content/EngineMaterials/HairDebugColor.uasset" 298
"../../../Engine/Content/EngineMaterials/HairColorMap.uasset" 299
"../../../Engine/Content/Functions/Engine_MaterialFunctions02/Utility/MakeFloat3.uasset" 300
"../../Plugins/Runtime/HairStrands/Content/Materials/HairDebugMaterial.uasset" 301
"../../Plugins/Runtime/HairStrands/Content/Materials/HairDefaultMaterial.uasset" 302
"../../Plugins/Runtime/HairStrands/Content/Materials/HairMeshesDefaultMaterial.uasset" 303
"../../../Engine/Content/Functions/Engine_MaterialFunctions02/Utility/BreakOutFloat4Components.uasset" 304
"../../Plugins/Runtime/Oculus/OculusVR/Content/Materials/OculusMR_ChromaKey.uasset" 305
"../../Plugins/Runtime/Oculus/OculusVR/Content/Materials/OculusMR_OpaqueColoredMaterial.uasset" 306
"../../Plugins/Runtime/Oculus/OculusVR/Content/Materials/PokeAHoleMaterial.uasset" 307
"../../../Engine/Content/EngineSky/T_Sky_Blue.uasset" 308
"../../../Engine/Content/EngineSky/T_Sky_Stars.uasset" 309
"../../../Engine/Content/EngineSky/T_Sky_Clouds_M.uasset" 310
"../../../Engine/Content/EngineSky/M_Sky_Panning_Clouds2.uasset" 311
"../../../Engine/Content/EditorBlueprintResources/StandardMacros.uasset" 312
"../../../Engine/Content/EngineSky/SM_SkySphere.uasset" 313
"../../../Engine/Content/EngineSky/C_Sky_Zenith_Color.uasset" 314
"../../../Engine/Content/EngineSky/C_Sky_Horizon_Color.uasset" 315
"../../../Engine/Content/EngineSky/C_Sky_Cloud_Color.uasset" 316
"../../../Engine/Content/EngineSky/BP_Sky_Sphere.uasset" 317
"../../../Engine/Content/EngineMaterials/DefaultPhysicalMaterial.uasset" 318
"C:/Users/ValeraPC/Desktop/myProject 4.0/Content/Server/Maps/Server_Map_BuiltData.uasset" 319
"C:/Users/ValeraPC/Desktop/myProject 4.0/Content/Player/Blueprints/Character/Mesh/UE4_Mannequin_Skeleton.uasset" 320
"C:/Users/ValeraPC/Desktop/myProject 4.0/Content/Player/Physics/Part2_PHY.uasset" 321
"C:/Users/ValeraPC/Desktop/myProject 4.0/Content/Player/Physics/Part1_PHY.uasset" 322
"C:/Users/ValeraPC/Desktop/myProject 4.0/Content/Player/Physics/Head_PHY.uasset" 323
"C:/Users/ValeraPC/Desktop/myProject 4.0/Content/Player/Physics/Body_PHY.uasset" 324
"C:/Users/ValeraPC/Desktop/myProject 4.0/Content/Player/Blueprints/Character/Mesh/SK_Mannequin_PhysicsAsset.uasset" 325
"C:/Users/ValeraPC/Desktop/myProject 4.0/Content/Player/Blueprints/Character/Textures/T_UE4Logo_N.uasset" 326
"C:/Users/ValeraPC/Desktop/myProject 4.0/Content/Player/Blueprints/Character/Textures/T_UE4Logo_Mask.uasset" 327
"C:/Users/ValeraPC/Desktop/myProject 4.0/Content/Player/Blueprints/Character/Textures/T_ML_Rubber_Blue_01_N.uasset" 328
"C:/Users/ValeraPC/Desktop/myProject 4.0/Content/Player/Blueprints/Character/Textures/T_ML_Rubber_Blue_01_D.uasset" 329
"C:/Users/ValeraPC/Desktop/myProject 4.0/Content/Player/Blueprints/Character/Textures/T_ML_Aluminum01_N.uasset" 330
"C:/Users/ValeraPC/Desktop/myProject 4.0/Content/Player/Blueprints/Character/Textures/T_ML_Aluminum01.uasset" 331
"C:/Users/ValeraPC/Desktop/myProject 4.0/Content/Player/Blueprints/Character/Textures/T_Male_N.uasset" 332
"C:/Users/ValeraPC/Desktop/myProject 4.0/Content/Player/Blueprints/Character/Textures/T_Male_Mask.uasset" 333
"../../../Engine/Content/Functions/MaterialLayerFunctions/MatLayerBlend_Simple.uasset" 334
"../../../Engine/Content/Functions/Engine_MaterialFunctions02/Utility/BlendAngleCorrectedNormals.uasset" 335
"../../../Engine/Content/Functions/MaterialLayerFunctions/MatLayerBlend_NormalBlend.uasset" 336
"C:/Users/ValeraPC/Desktop/myProject 4.0/Content/Player/Blueprints/Character/Materials/ML_SoftMetal_UE4.uasset" 337
"C:/Users/ValeraPC/Desktop/myProject 4.0/Content/Player/Blueprints/Character/Materials/ML_Plastic_Shiny_Beige_LOGO.uasset" 338
"C:/Users/ValeraPC/Desktop/myProject 4.0/Content/Player/Blueprints/Character/Materials/ML_Plastic_Shiny_Beige.uasset" 339
"C:/Users/ValeraPC/Desktop/myProject 4.0/Content/Player/Blueprints/Character/Materials/ML_GlossyBlack_Latex_UE4.uasset" 340
"C:/Users/ValeraPC/Desktop/myProject 4.0/Content/Player/Blueprints/Character/Materials/M_Male_Body.uasset" 341
"C:/Users/ValeraPC/Desktop/myProject 4.0/Content/Player/Blueprints/Character/Materials/M_UE4Man_ChestLogo.uasset" 342
"C:/Users/ValeraPC/Desktop/myProject 4.0/Content/Player/Blueprints/Character/Mesh/SK_Mannequin.uasset" 343
"C:/Users/ValeraPC/Desktop/myProject 4.0/Content/Server/Blueprints/myGameState.uasset" 344
"C:/Users/ValeraPC/Desktop/myProject 4.0/Content/Player/Blueprints/Weapons/Blueprints/WeaponeType_E.uasset" 345
"../../../Engine/Content/EditorBlueprintResources/ActorMacros.uasset" 346
"C:/Users/ValeraPC/Desktop/myProject 4.0/Content/Player/Blueprints/Character/BPI/Charcter_BPI.uasset" 347
"C:/Users/ValeraPC/Desktop/myProject 4.0/Content/Player/Blueprints/Weapons/Blueprints/PickUp_BaseV1/PickUp_BP.uasset" 348
"C:/Users/ValeraPC/Desktop/myProject 4.0/Content/Player/Blueprints/Weapons/Blueprints/BPI/PickUp_BPI.uasset" 349
"../../../Engine/Content/BasicShapes/Sphere.uasset" 350
"../../../Engine/Content/BasicShapes/BasicShapeMaterial.uasset" 351
"C:/Users/ValeraPC/Desktop/myProject 4.0/Content/Player/Blueprints/Weapons/Blueprints/Bullet_A.uasset" 352
"C:/Users/ValeraPC/Desktop/myProject 4.0/Content/Player/Blueprints/Character/BPI/Controller_BPI.uasset" 353
"C:/Users/ValeraPC/Desktop/myProject 4.0/Content/Player/Blueprints/Weapons/Blueprints/PickUp_BaseV1/PickUp_WeaponeBase_BP.uasset" 354
"../../../Engine/Content/Animation/DefaultAnimBoneCompressionSettings.uasset" 355
"../../../Engine/Content/Animation/DefaultAnimCurveCompressionSettings.uasset" 356
"C:/Users/ValeraPC/Desktop/myProject 4.0/Content/Player/Animations/Character/Pistol/Locomotion/LS_AIM_Pistol_Pose.uasset" 357
"C:/Users/ValeraPC/Desktop/myProject 4.0/Content/Player/Animations/Character/Pistol/Locomotion/LS_AIM_Pistol_CR_Pose.uasset" 358
"C:/Users/ValeraPC/Desktop/myProject 4.0/Content/Player/Animations/Character/Base/ThirdPerson_Jump.uasset" 359
"C:/Users/ValeraPC/Desktop/myProject 4.0/Content/Player/Audio/FootSteps/Concrete_Walk_05.uasset" 360
"C:/Users/ValeraPC/Desktop/myProject 4.0/Content/Player/Audio/FootSteps/Concrete_Walk_04.uasset" 361
"C:/Users/ValeraPC/Desktop/myProject 4.0/Content/Player/Audio/FootSteps/Concrete_Walk_03.uasset" 362
"C:/Users/ValeraPC/Desktop/myProject 4.0/Content/Player/Audio/FootSteps/Concrete_Walk_02.uasset" 363
"C:/Users/ValeraPC/Desktop/myProject 4.0/Content/Player/Audio/FootSteps/Concrete_Walk_01.uasset" 364
"C:/Users/ValeraPC/Desktop/myProject 4.0/Content/Player/Audio/FootSteps/FootStepWalk.uasset" 365
"C:/Users/ValeraPC/Desktop/myProject 4.0/Content/Player/Animations/Character/Locomotion/ALS_CLF_Walk_L.uasset" 366
"C:/Users/ValeraPC/Desktop/myProject 4.0/Content/Player/Animations/Character/Locomotion/ALS_CLF_Walk_R.uasset" 367
"C:/Users/ValeraPC/Desktop/myProject 4.0/Content/Player/Animations/Character/Locomotion/ALS_CLF_WalkPose.uasset" 368
"C:/Users/ValeraPC/Desktop/myProject 4.0/Content/Player/Animations/Character/Locomotion/ALS_CLF_Walk_F.uasset" 369
"C:/Users/ValeraPC/Desktop/myProject 4.0/Content/Player/Animations/Character/Locomotion/ALS_CLF_Walk_B.uasset" 370
"C:/Users/ValeraPC/Desktop/myProject 4.0/Content/Player/Animations/Character/BlendSpace/Idle_Crouch.uasset" 371
"C:/Users/ValeraPC/Desktop/myProject 4.0/Content/Player/Animations/Character/Base/ThirdPersonJump_Loop.uasset" 372
"C:/Users/ValeraPC/Desktop/myProject 4.0/Content/Player/Animations/Character/Base/ThirdPersonJump_Start.uasset" 373
"C:/Users/ValeraPC/Desktop/myProject 4.0/Content/Player/Blueprints/Character/BPI/Anim_BPI.uasset" 374
"C:/Users/ValeraPC/Desktop/myProject 4.0/Content/Player/Animations/Character/Locomotion/ALS_N_Walk_RF.uasset" 375
"C:/Users/ValeraPC/Desktop/myProject 4.0/Content/Player/Animations/Character/Locomotion/ALS_N_Walk_LF.uasset" 376
"C:/Users/ValeraPC/Desktop/myProject 4.0/Content/Player/Animations/Character/Locomotion/ALS_N_Walk_F.uasset" 377
"C:/Users/ValeraPC/Desktop/myProject 4.0/Content/Player/Animations/Character/Locomotion/ALS_N_Walk_B.uasset" 378
"C:/Users/ValeraPC/Desktop/myProject 4.0/Content/Player/Animations/Character/Locomotion/ALS_N_SecondaryMotion.uasset" 379
"C:/Users/ValeraPC/Desktop/myProject 4.0/Content/Player/Audio/FootSteps/Concrete_Run_04.uasset" 380
"C:/Users/ValeraPC/Desktop/myProject 4.0/Content/Player/Audio/FootSteps/Concrete_Run_03.uasset" 381
"C:/Users/ValeraPC/Desktop/myProject 4.0/Content/Player/Audio/FootSteps/Concrete_Run_02.uasset" 382
"C:/Users/ValeraPC/Desktop/myProject 4.0/Content/Player/Audio/FootSteps/Concrete_Run_01.uasset" 383
"C:/Users/ValeraPC/Desktop/myProject 4.0/Content/Player/Audio/FootSteps/FootStepRun.uasset" 384
"C:/Users/ValeraPC/Desktop/myProject 4.0/Content/Player/Animations/Character/Locomotion/ALS_N_Run_LF.uasset" 385
"C:/Users/ValeraPC/Desktop/myProject 4.0/Content/Player/Animations/Character/Locomotion/ALS_N_Run_RF.uasset" 386
"C:/Users/ValeraPC/Desktop/myProject 4.0/Content/Player/Animations/Character/Locomotion/ALS_N_Run_F.uasset" 387
"C:/Users/ValeraPC/Desktop/myProject 4.0/Content/Player/Animations/Character/Locomotion/ALS_N_Run_B.uasset" 388
"C:/Users/ValeraPC/Desktop/myProject 4.0/Content/Player/Animations/Character/BlendSpace/Idle_Move.uasset" 389
"C:/Users/ValeraPC/Desktop/myProject 4.0/Content/Player/Animations/Character/Pistol/Locomotion/Pistol_Sprint_Pose.uasset" 390
"C:/Users/ValeraPC/Desktop/myProject 4.0/Content/Player/Animations/Character/Pistol/Locomotion/Pistol_CalmPose2.uasset" 391
"C:/Users/ValeraPC/Desktop/myProject 4.0/Content/Player/Animations/Character/Rifle/Locomotion/LS_Calm_Rifle_Pose.uasset" 392
"C:/Users/ValeraPC/Desktop/myProject 4.0/Content/Player/Animations/Character/Rifle/Locomotion/LS_Calm_Rifle_CR_Pose.uasset" 393
"C:/Users/ValeraPC/Desktop/myProject 4.0/Content/Player/Animations/Character/Rifle/Locomotion/LS_AIM_Rifle_Pose.uasset" 394
"C:/Users/ValeraPC/Desktop/myProject 4.0/Content/Player/Animations/Character/Rifle/Locomotion/LS_AIM_Rifle_CR_Pose.uasset" 395
"C:/Users/ValeraPC/Desktop/myProject 4.0/Content/Player/Animations/Character/Pistol/Locomotion/AIM/AIM_LS_CR_U.uasset" 396
"C:/Users/ValeraPC/Desktop/myProject 4.0/Content/Player/Animations/Character/Pistol/Locomotion/AIM/AIM_LS_CR_D.uasset" 397
"C:/Users/ValeraPC/Desktop/myProject 4.0/Content/Player/Animations/Character/Pistol/Locomotion/AIM/AIM_LS_CR_CC.uasset" 398
"C:/Users/ValeraPC/Desktop/myProject 4.0/Content/Player/Animations/Character/Pistol/Locomotion/AIM/AIM_Pistol_CR_LS.uasset" 399
"C:/Users/ValeraPC/Desktop/myProject 4.0/Content/Player/Animations/Character/Pistol/Locomotion/LS_Calm_Pistol_Pose.uasset" 400
"C:/Users/ValeraPC/Desktop/myProject 4.0/Content/Player/Animations/Character/Pistol/Locomotion/LS_Calm_Pistol_CR_Pose.uasset" 401
"C:/Users/ValeraPC/Desktop/myProject 4.0/Content/Player/Blueprints/Character/Blueprints/Anim_Blueprints/Character_ABP.uasset" 402
"C:/Users/ValeraPC/Desktop/myProject 4.0/Content/Player/Blueprints/Character/HUD/Players_Informatio_HUD.uasset" 403
"C:/Users/ValeraPC/Desktop/myProject 4.0/Content/Start/Blueprints/Loading_HUD.uasset" 404
"C:/Users/ValeraPC/Desktop/myProject 4.0/Content/Player/Blueprints/Character/HUD/Exit_HUD.uasset" 405
"C:/Users/ValeraPC/Desktop/myProject 4.0/Content/Player/Animations/Character/Locomotion/ALS_N_Land_Heavy_Additive.uasset" 406
"C:/Users/ValeraPC/Desktop/myProject 4.0/Content/Player/Animations/Character/Locomotion/Montage/ALS_N_Land_Heavy_Additive_Montage.uasset" 407
"C:/Users/ValeraPC/Desktop/myProject 4.0/Content/Player/Blueprints/Character/Blueprints/Character_BP.uasset" 408
"C:/Users/ValeraPC/Desktop/myProject 4.0/Content/Server/Blueprints/Create_PlayersInfo_HUD.uasset" 409
"C:/Users/ValeraPC/Desktop/myProject 4.0/Content/Player/Blueprints/Character/Textures/Point.uasset" 410
"C:/Users/ValeraPC/Desktop/myProject 4.0/Content/Player/Blueprints/Character/HUD/Player_HUD.uasset" 411
"C:/Users/ValeraPC/Desktop/myProject 4.0/Content/Player/Blueprints/Character/Blueprints/Controller_BP.uasset" 412
"C:/Users/ValeraPC/Desktop/myProject 4.0/Content/Server/Blueprints/myGameMode_Server.uasset" 413
"C:/Users/ValeraPC/Desktop/myProject 4.0/Content/Player/Particles/Emitters/Ammunition/Textures/T_762x39_NRM.uasset" 414
"C:/Users/ValeraPC/Desktop/myProject 4.0/Content/Player/Particles/Emitters/Ammunition/Textures/T_762x39_ALB.uasset" 415
"C:/Users/ValeraPC/Desktop/myProject 4.0/Content/Player/Blueprints/Weapons/Textures/Patterns/T_Chochip_Pattern.uasset" 416
"C:/Users/ValeraPC/Desktop/myProject 4.0/Content/Player/Blueprints/Weapons/Textures/74U/T_KA74U_NRM.uasset" 417
"C:/Users/ValeraPC/Desktop/myProject 4.0/Content/Player/Blueprints/Weapons/Textures/74U/T_KA74U_M_MSK.uasset" 418
"C:/Users/ValeraPC/Desktop/myProject 4.0/Content/Player/Blueprints/Weapons/Textures/74U/T_KA74U_ALB.uasset" 419
"C:/Users/ValeraPC/Desktop/myProject 4.0/Content/Player/Blueprints/Weapons/Materials/Master_Material/M_Weapon_Master_USE.uasset" 420
"C:/Users/ValeraPC/Desktop/myProject 4.0/Content/Player/Particles/Emitters/Ammunition/Textures/T_762x39_M_MSK.uasset" 421
"C:/Users/ValeraPC/Desktop/myProject 4.0/Content/Player/Particles/Emitters/Ammunition/Materials/M_762x39.uasset" 422
"C:/Users/ValeraPC/Desktop/myProject 4.0/Content/Player/Particles/Textures/T_Smoke_SubUV_2x2_ALB.uasset" 423
"C:/Users/ValeraPC/Desktop/myProject 4.0/Content/Player/Particles/Materials/M_Smoke_MASTER.uasset" 424
"C:/Users/ValeraPC/Desktop/myProject 4.0/Content/Player/Blueprints/Weapons/Textures/Ammunition/T_45ap_NRM.uasset" 425
"C:/Users/ValeraPC/Desktop/myProject 4.0/Content/Player/Blueprints/Weapons/Textures/Ammunition/T_45ap_M_MSK.uasset" 426
"C:/Users/ValeraPC/Desktop/myProject 4.0/Content/Player/Blueprints/Weapons/Textures/Ammunition/T_45ap_ALB.uasset" 427
"C:/Users/ValeraPC/Desktop/myProject 4.0/Content/Player/Blueprints/Weapons/Materials/Ammunition/M_45ap.uasset" 428
"C:/Users/ValeraPC/Desktop/myProject 4.0/Content/Player/Blueprints/Weapons/Meshes/Ammunition/SM_Shell_45ap_Empty.uasset" 429
"C:/Users/ValeraPC/Desktop/myProject 4.0/Content/Player/Particles/Emitters/P_1911_ShellEject.uasset" 430
"C:/Users/ValeraPC/Desktop/myProject 4.0/Content/Player/Blueprints/Weapons/Textures/1911/T_1911_Modern_M_MSK.uasset" 431
"C:/Users/ValeraPC/Desktop/myProject 4.0/Content/Player/Blueprints/Weapons/Textures/1911/T_1911_Classic_NRM.uasset" 432
"C:/Users/ValeraPC/Desktop/myProject 4.0/Content/Player/Blueprints/Weapons/Textures/1911/T_1911_Classic_ALB.uasset" 433
"C:/Users/ValeraPC/Desktop/myProject 4.0/Content/Player/Blueprints/Weapons/Materials/1911/1911_M.uasset" 434
"C:/Users/ValeraPC/Desktop/myProject 4.0/Content/Player/Blueprints/Weapons/Meshes/1911/1911_Skeleton.uasset" 435
"C:/Users/ValeraPC/Desktop/myProject 4.0/Content/Player/Blueprints/Weapons/Meshes/1911/1911_Mesh.uasset" 436
"C:/Users/ValeraPC/Desktop/myProject 4.0/Content/Player/Particles/Emitters/P_SU_Rifle_Muzzleflash.uasset" 437
"C:/Users/ValeraPC/Desktop/myProject 4.0/Content/Player/Particles/Textures/T_Muzzleflash_01_ALB.uasset" 438
"C:/Users/ValeraPC/Desktop/myProject 4.0/Content/Player/Particles/Textures/T_Muzzle_Warp_FMP.uasset" 439
"C:/Users/ValeraPC/Desktop/myProject 4.0/Content/Player/Particles/Materials/M_Muzzleflash_MASTER.uasset" 440
"C:/Users/ValeraPC/Desktop/myProject 4.0/Content/Player/Particles/Materials/M_Muzzleflash_01.uasset" 441
"../../../Engine/Content/Functions/Engine_MaterialFunctions01/Density/ExponentialDensity.uasset" 442
"../../../Engine/Content/Functions/Engine_MaterialFunctions01/Gradient/RadialGradientExponential.uasset" 443
"C:/Users/ValeraPC/Desktop/myProject 4.0/Content/Player/Particles/Materials/M_Spark.uasset" 444
"C:/Users/ValeraPC/Desktop/myProject 4.0/Content/Player/Particles/Emitters/P_AK74u_Muzzleflash.uasset" 445
"C:/Users/ValeraPC/Desktop/myProject 4.0/Content/Player/Blueprints/Weapons/Blueprints/CS/CS_Rifle.uasset" 446
"C:/Users/ValeraPC/Desktop/myProject 4.0/Content/Player/Blueprints/Weapons/Textures/Accessories/T_Suppressor5_NRM.uasset" 447
"C:/Users/ValeraPC/Desktop/myProject 4.0/Content/Player/Blueprints/Weapons/Textures/Accessories/T_Suppressor5_M_MSK.uasset" 448
"C:/Users/ValeraPC/Desktop/myProject 4.0/Content/Player/Blueprints/Weapons/Textures/Accessories/T_Suppressor5_ALB.uasset" 449
"C:/Users/ValeraPC/Desktop/myProject 4.0/Content/Player/Blueprints/Weapons/Materials/Accessories/M_Suppressor5.uasset" 450
"C:/Users/ValeraPC/Desktop/myProject 4.0/Content/Player/Blueprints/Weapons/Meshes/Accessories/SM_Suppressor5.uasset" 451
"C:/Users/ValeraPC/Desktop/myProject 4.0/Content/Player/Blueprints/Weapons/Blueprints/Ammunition/Ammunition_Bace_BP.uasset" 452
"C:/Users/ValeraPC/Desktop/myProject 4.0/Content/Player/Blueprints/Weapons/Blueprints/Ammunition/Suppressor_BP.uasset" 453
"C:/Users/ValeraPC/Desktop/myProject 4.0/Content/Player/Blueprints/Weapons/Anim-Blueprints/M1911_ABP.uasset" 454
"C:/Users/ValeraPC/Desktop/myProject 4.0/Content/Player/Audio/Sound/1911SU.uasset" 455
"C:/Users/ValeraPC/Desktop/myProject 4.0/Content/Player/Audio/Sound/1911.uasset" 456
"C:/Users/ValeraPC/Desktop/myProject 4.0/Content/Player/Blueprints/Weapons/Blueprints/PickUp_BaseV1/Weapone_Childs/PickUp_M1911_BP.uasset" 457
"C:/Users/ValeraPC/Desktop/myProject 4.0/Content/Player/Particles/Emitters/Ammunition/Mesh/SM_762x39_Empty.uasset" 458
"C:/Users/ValeraPC/Desktop/myProject 4.0/Content/Player/Particles/Emitters/P_AK74u_ShellEject.uasset" 459
"C:/Users/ValeraPC/Desktop/myProject 4.0/Content/Player/Blueprints/Weapons/Materials/74U/AK74U_M.uasset" 460
"C:/Users/ValeraPC/Desktop/myProject 4.0/Content/Player/Blueprints/Weapons/Meshes/74U/AK74U_Physics.uasset" 461
"C:/Users/ValeraPC/Desktop/myProject 4.0/Content/Player/Blueprints/Weapons/Meshes/74U/AK74U_Skeleton.uasset" 462
"C:/Users/ValeraPC/Desktop/myProject 4.0/Content/Player/Blueprints/Weapons/Meshes/74U/AK74U_Mesh.uasset" 463
"C:/Users/ValeraPC/Desktop/myProject 4.0/Content/Player/Blueprints/Weapons/Anim-Blueprints/AK74u_ABP.uasset" 464
"C:/Users/ValeraPC/Desktop/myProject 4.0/Content/Player/Audio/Sound/ak_su.uasset" 465
"C:/Users/ValeraPC/Desktop/myProject 4.0/Content/Player/Audio/Rifle/Wavs/RifleB_Fire_ST06.uasset" 466
"C:/Users/ValeraPC/Desktop/myProject 4.0/Content/Player/Audio/Rifle/Wavs/RifleB_Fire_ST05.uasset" 467
"C:/Users/ValeraPC/Desktop/myProject 4.0/Content/Player/Audio/Rifle/Wavs/RifleB_Fire_ST04.uasset" 468
"C:/Users/ValeraPC/Desktop/myProject 4.0/Content/Player/Audio/Rifle/Wavs/RifleB_Fire_ST03.uasset" 469
"C:/Users/ValeraPC/Desktop/myProject 4.0/Content/Player/Audio/Rifle/Wavs/RifleB_Fire_ST02.uasset" 470
"C:/Users/ValeraPC/Desktop/myProject 4.0/Content/Player/Audio/Rifle/Wavs/RifleB_Fire_ST01.uasset" 471
"C:/Users/ValeraPC/Desktop/myProject 4.0/Content/Player/Audio/Rifle/Wavs/RifleB_Fire06.uasset" 472
"C:/Users/ValeraPC/Desktop/myProject 4.0/Content/Player/Audio/Rifle/Wavs/RifleB_Fire05.uasset" 473
"C:/Users/ValeraPC/Desktop/myProject 4.0/Content/Player/Audio/Rifle/Wavs/RifleB_Fire04.uasset" 474
"C:/Users/ValeraPC/Desktop/myProject 4.0/Content/Player/Audio/Rifle/Wavs/RifleB_Fire03.uasset" 475
"C:/Users/ValeraPC/Desktop/myProject 4.0/Content/Player/Audio/Rifle/Wavs/RifleB_Fire02.uasset" 476
"C:/Users/ValeraPC/Desktop/myProject 4.0/Content/Player/Audio/Rifle/Wavs/RifleB_Fire01.uasset" 477
"C:/Users/ValeraPC/Desktop/myProject 4.0/Content/Player/Audio/Rifle/RifleB_Fire_Cue.uasset" 478
"C:/Users/ValeraPC/Desktop/myProject 4.0/Content/Player/Animations/Character/Rifle/Rifle_Shoot.uasset" 479
"C:/Users/ValeraPC/Desktop/myProject 4.0/Content/Player/Animations/Character/Rifle/Montage/Rifle_Shoot_Montage.uasset" 480
"C:/Users/ValeraPC/Desktop/myProject 4.0/Content/Player/Blueprints/Weapons/Blueprints/PickUp_BaseV1/Weapone_Childs/PickUp_AK74u_BP.uasset" 481
"C:/Users/ValeraPC/Desktop/myProject 4.0/Content/Player/Blueprints/DamageArea/DamegeArea_A.uasset" 482
"C:/Users/ValeraPC/Desktop/myProject 4.0/Content/Server/Maps/Server_Map.umap" 483
"C:/Users/ValeraPC/Desktop/myProject 4.0/Content/Start/Maps/Start_Map_BuiltData.uasset" 484
"C:/Users/ValeraPC/Desktop/myProject 4.0/Content/Start/Blueprints/Camera_Start_Pawn.uasset" 485
"C:/Users/ValeraPC/Desktop/myProject 4.0/Content/Start/Blueprints/myGameMode_Start.uasset" 486
"C:/Users/ValeraPC/Desktop/myProject 4.0/Content/Start/StartSequence.uasset" 487
"C:/Users/ValeraPC/Desktop/myProject 4.0/Content/Server/Blueprints/Create_SessionInfo_HUD.uasset" 488
"C:/Users/ValeraPC/Desktop/myProject 4.0/Content/Start/Blueprints/Start_HUD.uasset" 489
"C:/Users/ValeraPC/Desktop/myProject 4.0/Content/Player/Animations/Character/Rifle/GunDown.uasset" 490
"C:/Users/ValeraPC/Desktop/myProject 4.0/Content/Start/Blueprints/Character_Start_PAWN.uasset" 491
"C:/Users/ValeraPC/Desktop/myProject 4.0/Content/Start/Maps/Start_Map.umap" 492
